The system is: Linux - 2.6.32-696.23.1.el6.x86_64 - x86_64
Compiling the C compiler identification source file "CMakeCCompilerId.c" succeeded.
Compiler: /usr/bin/cc 
Build flags: 
Id flags: 

The output was:
0


Compilation of the C compiler identification source "CMakeCCompilerId.c" produced "a.out"

The C compiler identification is GNU, found in "/home/mengfan/project/test/CMakeFiles/3.4.0/CompilerIdC/a.out"

Compiling the CXX compiler identification source file "CMakeCXXCompilerId.cpp" succeeded.
Compiler: /usr/bin/c++ 
Build flags: 
Id flags: 

The output was:
0


Compilation of the CXX compiler identification source "CMakeCXXCompilerId.cpp" produced "a.out"

The CXX compiler identification is GNU, found in "/home/mengfan/project/test/CMakeFiles/3.4.0/CompilerIdCXX/a.out"

Determining if the C compiler works passed with the following output:
Change Dir: /home/mengfan/project/test/CMakeFiles/CMakeTmp

Run Build Command:"/usr/bin/gmake" "cmTC_9a35b/fast"
/usr/bin/gmake -f CMakeFiles/cmTC_9a35b.dir/build.make CMakeFiles/cmTC_9a35b.dir/build
gmake[1]: Entering directory `/home/mengfan/project/test/CMakeFiles/CMakeTmp'
Building C object CMakeFiles/cmTC_9a35b.dir/testCCompiler.c.o
/usr/bin/cc     -o CMakeFiles/cmTC_9a35b.dir/testCCompiler.c.o   -c /home/mengfan/project/test/CMakeFiles/CMakeTmp/testCCompiler.c
Linking C executable cmTC_9a35b
/usr/local/bin/cmake -E cmake_link_script CMakeFiles/cmTC_9a35b.dir/link.txt --verbose=1
/usr/bin/cc       CMakeFiles/cmTC_9a35b.dir/testCCompiler.c.o  -o cmTC_9a35b -rdynamic 
gmake[1]: Leaving directory `/home/mengfan/project/test/CMakeFiles/CMakeTmp'


Detecting C compiler ABI info compiled with the following output:
Change Dir: /home/mengfan/project/test/CMakeFiles/CMakeTmp

Run Build Command:"/usr/bin/gmake" "cmTC_2ae26/fast"
/usr/bin/gmake -f CMakeFiles/cmTC_2ae26.dir/build.make CMakeFiles/cmTC_2ae26.dir/build
gmake[1]: Entering directory `/home/mengfan/project/test/CMakeFiles/CMakeTmp'
Building C object CMakeFiles/cmTC_2ae26.dir/CMakeCCompilerABI.c.o
/usr/bin/cc     -o CMakeFiles/cmTC_2ae26.dir/CMakeCCompilerABI.c.o   -c /usr/local/share/cmake-3.4/Modules/CMakeCCompilerABI.c
Linking C executable cmTC_2ae26
/usr/local/bin/cmake -E cmake_link_script CMakeFiles/cmTC_2ae26.dir/link.txt --verbose=1
/usr/bin/cc      -v CMakeFiles/cmTC_2ae26.dir/CMakeCCompilerABI.c.o  -o cmTC_2ae26 -rdynamic  
Using built-in specs.
COLLECT_GCC=/usr/bin/cc
COLLECT_LTO_WRAPPER=/opt/rh/devtoolset-2/root/usr/libexec/gcc/x86_64-redhat-linux/4.8.2/lto-wrapper
Target: x86_64-redhat-linux
Configured with: ../configure --prefix=/opt/rh/devtoolset-2/root/usr --mandir=/opt/rh/devtoolset-2/root/usr/share/man --infodir=/opt/rh/devtoolset-2/root/usr/share/info --with-bugurl=http://bugzilla.redhat.com/bugzilla --enable-bootstrap --enable-shared --enable-threads=posix --enable-checking=release --with-system-zlib --enable-__cxa_atexit --disable-libunwind-exceptions --enable-gnu-unique-object --enable-linker-build-id --enable-languages=c,c++,fortran,lto --enable-plugin --with-linker-hash-style=gnu --enable-initfini-array --disable-libgcj --with-isl=/dev/shm/home/centos/rpm/BUILD/gcc-4.8.2-20140120/obj-x86_64-redhat-linux/isl-install --with-cloog=/dev/shm/home/centos/rpm/BUILD/gcc-4.8.2-20140120/obj-x86_64-redhat-linux/cloog-install --with-mpc=/dev/shm/home/centos/rpm/BUILD/gcc-4.8.2-20140120/obj-x86_64-redhat-linux/mpc-install --with-tune=generic --with-arch_32=i686 --build=x86_64-redhat-linux
Thread model: posix
gcc version 4.8.2 20140120 (Red Hat 4.8.2-15) (GCC) 
COMPILER_PATH=/opt/rh/devtoolset-2/root/usr/libexec/gcc/x86_64-redhat-linux/4.8.2/:/opt/rh/devtoolset-2/root/usr/libexec/gcc/x86_64-redhat-linux/4.8.2/:/opt/rh/devtoolset-2/root/usr/libexec/gcc/x86_64-redhat-linux/:/opt/rh/devtoolset-2/root/usr/lib/gcc/x86_64-redhat-linux/4.8.2/:/opt/rh/devtoolset-2/root/usr/lib/gcc/x86_64-redhat-linux/
LIBRARY_PATH=/opt/rh/devtoolset-2/root/usr/lib/gcc/x86_64-redhat-linux/4.8.2/:/opt/rh/devtoolset-2/root/usr/lib/gcc/x86_64-redhat-linux/4.8.2/../../../../lib64/:/lib/../lib64/:/usr/lib/../lib64/:/opt/rh/devtoolset-2/root/usr/lib/gcc/x86_64-redhat-linux/4.8.2/../../../:/lib/:/usr/lib/
COLLECT_GCC_OPTIONS='-v' '-o' 'cmTC_2ae26' '-rdynamic' '-mtune=generic' '-march=x86-64'
 /opt/rh/devtoolset-2/root/usr/libexec/gcc/x86_64-redhat-linux/4.8.2/collect2 --build-id --no-add-needed --eh-frame-hdr --hash-style=gnu -m elf_x86_64 -export-dynamic -dynamic-linker /lib64/ld-linux-x86-64.so.2 -o cmTC_2ae26 /usr/lib/../lib64/crt1.o /usr/lib/../lib64/crti.o /opt/rh/devtoolset-2/root/usr/lib/gcc/x86_64-redhat-linux/4.8.2/crtbegin.o -L/opt/rh/devtoolset-2/root/usr/lib/gcc/x86_64-redhat-linux/4.8.2 -L/opt/rh/devtoolset-2/root/usr/lib/gcc/x86_64-redhat-linux/4.8.2/../../../../lib64 -L/lib/../lib64 -L/usr/lib/../lib64 -L/opt/rh/devtoolset-2/root/usr/lib/gcc/x86_64-redhat-linux/4.8.2/../../.. CMakeFiles/cmTC_2ae26.dir/CMakeCCompilerABI.c.o -lgcc --as-needed -lgcc_s --no-as-needed -lc -lgcc --as-needed -lgcc_s --no-as-needed /opt/rh/devtoolset-2/root/usr/lib/gcc/x86_64-redhat-linux/4.8.2/crtend.o /usr/lib/../lib64/crtn.o
gmake[1]: Leaving directory `/home/mengfan/project/test/CMakeFiles/CMakeTmp'


Parsed C implicit link information from above output:
  link line regex: [^( *|.*[/\])(ld|([^/\]+-)?ld|collect2)[^/\]*( |$)]
  ignore line: [Change Dir: /home/mengfan/project/test/CMakeFiles/CMakeTmp]
  ignore line: []
  ignore line: [Run Build Command:"/usr/bin/gmake" "cmTC_2ae26/fast"]
  ignore line: [/usr/bin/gmake -f CMakeFiles/cmTC_2ae26.dir/build.make CMakeFiles/cmTC_2ae26.dir/build]
  ignore line: [gmake[1]: Entering directory `/home/mengfan/project/test/CMakeFiles/CMakeTmp']
  ignore line: [Building C object CMakeFiles/cmTC_2ae26.dir/CMakeCCompilerABI.c.o]
  ignore line: [/usr/bin/cc     -o CMakeFiles/cmTC_2ae26.dir/CMakeCCompilerABI.c.o   -c /usr/local/share/cmake-3.4/Modules/CMakeCCompilerABI.c]
  ignore line: [Linking C executable cmTC_2ae26]
  ignore line: [/usr/local/bin/cmake -E cmake_link_script CMakeFiles/cmTC_2ae26.dir/link.txt --verbose=1]
  ignore line: [/usr/bin/cc      -v CMakeFiles/cmTC_2ae26.dir/CMakeCCompilerABI.c.o  -o cmTC_2ae26 -rdynamic  ]
  ignore line: [Using built-in specs.]
  ignore line: [COLLECT_GCC=/usr/bin/cc]
  ignore line: [COLLECT_LTO_WRAPPER=/opt/rh/devtoolset-2/root/usr/libexec/gcc/x86_64-redhat-linux/4.8.2/lto-wrapper]
  ignore line: [Target: x86_64-redhat-linux]
  ignore line: [Configured with: ../configure --prefix=/opt/rh/devtoolset-2/root/usr --mandir=/opt/rh/devtoolset-2/root/usr/share/man --infodir=/opt/rh/devtoolset-2/root/usr/share/info --with-bugurl=http://bugzilla.redhat.com/bugzilla --enable-bootstrap --enable-shared --enable-threads=posix --enable-checking=release --with-system-zlib --enable-__cxa_atexit --disable-libunwind-exceptions --enable-gnu-unique-object --enable-linker-build-id --enable-languages=c,c++,fortran,lto --enable-plugin --with-linker-hash-style=gnu --enable-initfini-array --disable-libgcj --with-isl=/dev/shm/home/centos/rpm/BUILD/gcc-4.8.2-20140120/obj-x86_64-redhat-linux/isl-install --with-cloog=/dev/shm/home/centos/rpm/BUILD/gcc-4.8.2-20140120/obj-x86_64-redhat-linux/cloog-install --with-mpc=/dev/shm/home/centos/rpm/BUILD/gcc-4.8.2-20140120/obj-x86_64-redhat-linux/mpc-install --with-tune=generic --with-arch_32=i686 --build=x86_64-redhat-linux]
  ignore line: [Thread model: posix]
  ignore line: [gcc version 4.8.2 20140120 (Red Hat 4.8.2-15) (GCC) ]
  ignore line: [COMPILER_PATH=/opt/rh/devtoolset-2/root/usr/libexec/gcc/x86_64-redhat-linux/4.8.2/:/opt/rh/devtoolset-2/root/usr/libexec/gcc/x86_64-redhat-linux/4.8.2/:/opt/rh/devtoolset-2/root/usr/libexec/gcc/x86_64-redhat-linux/:/opt/rh/devtoolset-2/root/usr/lib/gcc/x86_64-redhat-linux/4.8.2/:/opt/rh/devtoolset-2/root/usr/lib/gcc/x86_64-redhat-linux/]
  ignore line: [LIBRARY_PATH=/opt/rh/devtoolset-2/root/usr/lib/gcc/x86_64-redhat-linux/4.8.2/:/opt/rh/devtoolset-2/root/usr/lib/gcc/x86_64-redhat-linux/4.8.2/../../../../lib64/:/lib/../lib64/:/usr/lib/../lib64/:/opt/rh/devtoolset-2/root/usr/lib/gcc/x86_64-redhat-linux/4.8.2/../../../:/lib/:/usr/lib/]
  ignore line: [COLLECT_GCC_OPTIONS='-v' '-o' 'cmTC_2ae26' '-rdynamic' '-mtune=generic' '-march=x86-64']
  link line: [ /opt/rh/devtoolset-2/root/usr/libexec/gcc/x86_64-redhat-linux/4.8.2/collect2 --build-id --no-add-needed --eh-frame-hdr --hash-style=gnu -m elf_x86_64 -export-dynamic -dynamic-linker /lib64/ld-linux-x86-64.so.2 -o cmTC_2ae26 /usr/lib/../lib64/crt1.o /usr/lib/../lib64/crti.o /opt/rh/devtoolset-2/root/usr/lib/gcc/x86_64-redhat-linux/4.8.2/crtbegin.o -L/opt/rh/devtoolset-2/root/usr/lib/gcc/x86_64-redhat-linux/4.8.2 -L/opt/rh/devtoolset-2/root/usr/lib/gcc/x86_64-redhat-linux/4.8.2/../../../../lib64 -L/lib/../lib64 -L/usr/lib/../lib64 -L/opt/rh/devtoolset-2/root/usr/lib/gcc/x86_64-redhat-linux/4.8.2/../../.. CMakeFiles/cmTC_2ae26.dir/CMakeCCompilerABI.c.o -lgcc --as-needed -lgcc_s --no-as-needed -lc -lgcc --as-needed -lgcc_s --no-as-needed /opt/rh/devtoolset-2/root/usr/lib/gcc/x86_64-redhat-linux/4.8.2/crtend.o /usr/lib/../lib64/crtn.o]
    arg [/opt/rh/devtoolset-2/root/usr/libexec/gcc/x86_64-redhat-linux/4.8.2/collect2] ==> ignore
    arg [--build-id] ==> ignore
    arg [--no-add-needed] ==> ignore
    arg [--eh-frame-hdr] ==> ignore
    arg [--hash-style=gnu] ==> ignore
    arg [-m] ==> ignore
    arg [elf_x86_64] ==> ignore
    arg [-export-dynamic] ==> ignore
    arg [-dynamic-linker] ==> ignore
    arg [/lib64/ld-linux-x86-64.so.2] ==> ignore
    arg [-o] ==> ignore
    arg [cmTC_2ae26] ==> ignore
    arg [/usr/lib/../lib64/crt1.o] ==> ignore
    arg [/usr/lib/../lib64/crti.o] ==> ignore
    arg [/opt/rh/devtoolset-2/root/usr/lib/gcc/x86_64-redhat-linux/4.8.2/crtbegin.o] ==> ignore
    arg [-L/opt/rh/devtoolset-2/root/usr/lib/gcc/x86_64-redhat-linux/4.8.2] ==> dir [/opt/rh/devtoolset-2/root/usr/lib/gcc/x86_64-redhat-linux/4.8.2]
    arg [-L/opt/rh/devtoolset-2/root/usr/lib/gcc/x86_64-redhat-linux/4.8.2/../../../../lib64] ==> dir [/opt/rh/devtoolset-2/root/usr/lib/gcc/x86_64-redhat-linux/4.8.2/../../../../lib64]
    arg [-L/lib/../lib64] ==> dir [/lib/../lib64]
    arg [-L/usr/lib/../lib64] ==> dir [/usr/lib/../lib64]
    arg [-L/opt/rh/devtoolset-2/root/usr/lib/gcc/x86_64-redhat-linux/4.8.2/../../..] ==> dir [/opt/rh/devtoolset-2/root/usr/lib/gcc/x86_64-redhat-linux/4.8.2/../../..]
    arg [CMakeFiles/cmTC_2ae26.dir/CMakeCCompilerABI.c.o] ==> ignore
    arg [-lgcc] ==> lib [gcc]
    arg [--as-needed] ==> ignore
    arg [-lgcc_s] ==> lib [gcc_s]
    arg [--no-as-needed] ==> ignore
    arg [-lc] ==> lib [c]
    arg [-lgcc] ==> lib [gcc]
    arg [--as-needed] ==> ignore
    arg [-lgcc_s] ==> lib [gcc_s]
    arg [--no-as-needed] ==> ignore
    arg [/opt/rh/devtoolset-2/root/usr/lib/gcc/x86_64-redhat-linux/4.8.2/crtend.o] ==> ignore
    arg [/usr/lib/../lib64/crtn.o] ==> ignore
  remove lib [gcc]
  remove lib [gcc_s]
  remove lib [gcc]
  remove lib [gcc_s]
  collapse library dir [/opt/rh/devtoolset-2/root/usr/lib/gcc/x86_64-redhat-linux/4.8.2] ==> [/opt/rh/devtoolset-2/root/usr/lib/gcc/x86_64-redhat-linux/4.8.2]
  collapse library dir [/opt/rh/devtoolset-2/root/usr/lib/gcc/x86_64-redhat-linux/4.8.2/../../../../lib64] ==> [/opt/rh/devtoolset-2/root/usr/lib64]
  collapse library dir [/lib/../lib64] ==> [/lib64]
  collapse library dir [/usr/lib/../lib64] ==> [/usr/lib64]
  collapse library dir [/opt/rh/devtoolset-2/root/usr/lib/gcc/x86_64-redhat-linux/4.8.2/../../..] ==> [/opt/rh/devtoolset-2/root/usr/lib]
  implicit libs: [c]
  implicit dirs: [/opt/rh/devtoolset-2/root/usr/lib/gcc/x86_64-redhat-linux/4.8.2;/opt/rh/devtoolset-2/root/usr/lib64;/lib64;/usr/lib64;/opt/rh/devtoolset-2/root/usr/lib]
  implicit fwks: []




Detecting C [-std=c11] compiler features compiled with the following output:
Change Dir: /home/mengfan/project/test/CMakeFiles/CMakeTmp

Run Build Command:"/usr/bin/gmake" "cmTC_4cbbb/fast"
/usr/bin/gmake -f CMakeFiles/cmTC_4cbbb.dir/build.make CMakeFiles/cmTC_4cbbb.dir/build
gmake[1]: Entering directory `/home/mengfan/project/test/CMakeFiles/CMakeTmp'
Building C object CMakeFiles/cmTC_4cbbb.dir/feature_tests.c.o
/usr/bin/cc    -std=c11 -o CMakeFiles/cmTC_4cbbb.dir/feature_tests.c.o   -c /home/mengfan/project/test/CMakeFiles/feature_tests.c
Linking C executable cmTC_4cbbb
/usr/local/bin/cmake -E cmake_link_script CMakeFiles/cmTC_4cbbb.dir/link.txt --verbose=1
/usr/bin/cc       CMakeFiles/cmTC_4cbbb.dir/feature_tests.c.o  -o cmTC_4cbbb -rdynamic 
gmake[1]: Leaving directory `/home/mengfan/project/test/CMakeFiles/CMakeTmp'


    Feature record: C_FEATURE:1c_function_prototypes
    Feature record: C_FEATURE:1c_restrict
    Feature record: C_FEATURE:1c_static_assert
    Feature record: C_FEATURE:1c_variadic_macros


Detecting C [-std=c99] compiler features compiled with the following output:
Change Dir: /home/mengfan/project/test/CMakeFiles/CMakeTmp

Run Build Command:"/usr/bin/gmake" "cmTC_b0643/fast"
/usr/bin/gmake -f CMakeFiles/cmTC_b0643.dir/build.make CMakeFiles/cmTC_b0643.dir/build
gmake[1]: Entering directory `/home/mengfan/project/test/CMakeFiles/CMakeTmp'
Building C object CMakeFiles/cmTC_b0643.dir/feature_tests.c.o
/usr/bin/cc    -std=c99 -o CMakeFiles/cmTC_b0643.dir/feature_tests.c.o   -c /home/mengfan/project/test/CMakeFiles/feature_tests.c
Linking C executable cmTC_b0643
/usr/local/bin/cmake -E cmake_link_script CMakeFiles/cmTC_b0643.dir/link.txt --verbose=1
/usr/bin/cc       CMakeFiles/cmTC_b0643.dir/feature_tests.c.o  -o cmTC_b0643 -rdynamic 
gmake[1]: Leaving directory `/home/mengfan/project/test/CMakeFiles/CMakeTmp'


    Feature record: C_FEATURE:1c_function_prototypes
    Feature record: C_FEATURE:1c_restrict
    Feature record: C_FEATURE:0c_static_assert
    Feature record: C_FEATURE:1c_variadic_macros


Detecting C [-std=c90] compiler features compiled with the following output:
Change Dir: /home/mengfan/project/test/CMakeFiles/CMakeTmp

Run Build Command:"/usr/bin/gmake" "cmTC_5902d/fast"
/usr/bin/gmake -f CMakeFiles/cmTC_5902d.dir/build.make CMakeFiles/cmTC_5902d.dir/build
gmake[1]: Entering directory `/home/mengfan/project/test/CMakeFiles/CMakeTmp'
Building C object CMakeFiles/cmTC_5902d.dir/feature_tests.c.o
/usr/bin/cc    -std=c90 -o CMakeFiles/cmTC_5902d.dir/feature_tests.c.o   -c /home/mengfan/project/test/CMakeFiles/feature_tests.c
Linking C executable cmTC_5902d
/usr/local/bin/cmake -E cmake_link_script CMakeFiles/cmTC_5902d.dir/link.txt --verbose=1
/usr/bin/cc       CMakeFiles/cmTC_5902d.dir/feature_tests.c.o  -o cmTC_5902d -rdynamic 
gmake[1]: Leaving directory `/home/mengfan/project/test/CMakeFiles/CMakeTmp'


    Feature record: C_FEATURE:1c_function_prototypes
    Feature record: C_FEATURE:0c_restrict
    Feature record: C_FEATURE:0c_static_assert
    Feature record: C_FEATURE:0c_variadic_macros
Determining if the CXX compiler works passed with the following output:
Change Dir: /home/mengfan/project/test/CMakeFiles/CMakeTmp

Run Build Command:"/usr/bin/gmake" "cmTC_fc52f/fast"
/usr/bin/gmake -f CMakeFiles/cmTC_fc52f.dir/build.make CMakeFiles/cmTC_fc52f.dir/build
gmake[1]: Entering directory `/home/mengfan/project/test/CMakeFiles/CMakeTmp'
Building CXX object CMakeFiles/cmTC_fc52f.dir/testCXXCompiler.cxx.o
/usr/bin/c++      -o CMakeFiles/cmTC_fc52f.dir/testCXXCompiler.cxx.o -c /home/mengfan/project/test/CMakeFiles/CMakeTmp/testCXXCompiler.cxx
Linking CXX executable cmTC_fc52f
/usr/local/bin/cmake -E cmake_link_script CMakeFiles/cmTC_fc52f.dir/link.txt --verbose=1
/usr/bin/c++        CMakeFiles/cmTC_fc52f.dir/testCXXCompiler.cxx.o  -o cmTC_fc52f -rdynamic 
gmake[1]: Leaving directory `/home/mengfan/project/test/CMakeFiles/CMakeTmp'


Detecting CXX compiler ABI info compiled with the following output:
Change Dir: /home/mengfan/project/test/CMakeFiles/CMakeTmp

Run Build Command:"/usr/bin/gmake" "cmTC_5315d/fast"
/usr/bin/gmake -f CMakeFiles/cmTC_5315d.dir/build.make CMakeFiles/cmTC_5315d.dir/build
gmake[1]: Entering directory `/home/mengfan/project/test/CMakeFiles/CMakeTmp'
Building CXX object CMakeFiles/cmTC_5315d.dir/CMakeCXXCompilerABI.cpp.o
/usr/bin/c++      -o CMakeFiles/cmTC_5315d.dir/CMakeCXXCompilerABI.cpp.o -c /usr/local/share/cmake-3.4/Modules/CMakeCXXCompilerABI.cpp
Linking CXX executable cmTC_5315d
/usr/local/bin/cmake -E cmake_link_script CMakeFiles/cmTC_5315d.dir/link.txt --verbose=1
/usr/bin/c++       -v CMakeFiles/cmTC_5315d.dir/CMakeCXXCompilerABI.cpp.o  -o cmTC_5315d -rdynamic  
Using built-in specs.
COLLECT_GCC=/usr/bin/c++
COLLECT_LTO_WRAPPER=/opt/rh/devtoolset-2/root/usr/libexec/gcc/x86_64-redhat-linux/4.8.2/lto-wrapper
Target: x86_64-redhat-linux
Configured with: ../configure --prefix=/opt/rh/devtoolset-2/root/usr --mandir=/opt/rh/devtoolset-2/root/usr/share/man --infodir=/opt/rh/devtoolset-2/root/usr/share/info --with-bugurl=http://bugzilla.redhat.com/bugzilla --enable-bootstrap --enable-shared --enable-threads=posix --enable-checking=release --with-system-zlib --enable-__cxa_atexit --disable-libunwind-exceptions --enable-gnu-unique-object --enable-linker-build-id --enable-languages=c,c++,fortran,lto --enable-plugin --with-linker-hash-style=gnu --enable-initfini-array --disable-libgcj --with-isl=/dev/shm/home/centos/rpm/BUILD/gcc-4.8.2-20140120/obj-x86_64-redhat-linux/isl-install --with-cloog=/dev/shm/home/centos/rpm/BUILD/gcc-4.8.2-20140120/obj-x86_64-redhat-linux/cloog-install --with-mpc=/dev/shm/home/centos/rpm/BUILD/gcc-4.8.2-20140120/obj-x86_64-redhat-linux/mpc-install --with-tune=generic --with-arch_32=i686 --build=x86_64-redhat-linux
Thread model: posix
gcc version 4.8.2 20140120 (Red Hat 4.8.2-15) (GCC) 
COMPILER_PATH=/opt/rh/devtoolset-2/root/usr/libexec/gcc/x86_64-redhat-linux/4.8.2/:/opt/rh/devtoolset-2/root/usr/libexec/gcc/x86_64-redhat-linux/4.8.2/:/opt/rh/devtoolset-2/root/usr/libexec/gcc/x86_64-redhat-linux/:/opt/rh/devtoolset-2/root/usr/lib/gcc/x86_64-redhat-linux/4.8.2/:/opt/rh/devtoolset-2/root/usr/lib/gcc/x86_64-redhat-linux/
LIBRARY_PATH=/opt/rh/devtoolset-2/root/usr/lib/gcc/x86_64-redhat-linux/4.8.2/:/opt/rh/devtoolset-2/root/usr/lib/gcc/x86_64-redhat-linux/4.8.2/../../../../lib64/:/lib/../lib64/:/usr/lib/../lib64/:/opt/rh/devtoolset-2/root/usr/lib/gcc/x86_64-redhat-linux/4.8.2/../../../:/lib/:/usr/lib/
COLLECT_GCC_OPTIONS='-v' '-o' 'cmTC_5315d' '-rdynamic' '-shared-libgcc' '-mtune=generic' '-march=x86-64'
 /opt/rh/devtoolset-2/root/usr/libexec/gcc/x86_64-redhat-linux/4.8.2/collect2 --build-id --no-add-needed --eh-frame-hdr --hash-style=gnu -m elf_x86_64 -export-dynamic -dynamic-linker /lib64/ld-linux-x86-64.so.2 -o cmTC_5315d /usr/lib/../lib64/crt1.o /usr/lib/../lib64/crti.o /opt/rh/devtoolset-2/root/usr/lib/gcc/x86_64-redhat-linux/4.8.2/crtbegin.o -L/opt/rh/devtoolset-2/root/usr/lib/gcc/x86_64-redhat-linux/4.8.2 -L/opt/rh/devtoolset-2/root/usr/lib/gcc/x86_64-redhat-linux/4.8.2/../../../../lib64 -L/lib/../lib64 -L/usr/lib/../lib64 -L/opt/rh/devtoolset-2/root/usr/lib/gcc/x86_64-redhat-linux/4.8.2/../../.. CMakeFiles/cmTC_5315d.dir/CMakeCXXCompilerABI.cpp.o -lstdc++ -lm -lgcc_s -lgcc -lc -lgcc_s -lgcc /opt/rh/devtoolset-2/root/usr/lib/gcc/x86_64-redhat-linux/4.8.2/crtend.o /usr/lib/../lib64/crtn.o
gmake[1]: Leaving directory `/home/mengfan/project/test/CMakeFiles/CMakeTmp'


Parsed CXX implicit link information from above output:
  link line regex: [^( *|.*[/\])(ld|([^/\]+-)?ld|collect2)[^/\]*( |$)]
  ignore line: [Change Dir: /home/mengfan/project/test/CMakeFiles/CMakeTmp]
  ignore line: []
  ignore line: [Run Build Command:"/usr/bin/gmake" "cmTC_5315d/fast"]
  ignore line: [/usr/bin/gmake -f CMakeFiles/cmTC_5315d.dir/build.make CMakeFiles/cmTC_5315d.dir/build]
  ignore line: [gmake[1]: Entering directory `/home/mengfan/project/test/CMakeFiles/CMakeTmp']
  ignore line: [Building CXX object CMakeFiles/cmTC_5315d.dir/CMakeCXXCompilerABI.cpp.o]
  ignore line: [/usr/bin/c++      -o CMakeFiles/cmTC_5315d.dir/CMakeCXXCompilerABI.cpp.o -c /usr/local/share/cmake-3.4/Modules/CMakeCXXCompilerABI.cpp]
  ignore line: [Linking CXX executable cmTC_5315d]
  ignore line: [/usr/local/bin/cmake -E cmake_link_script CMakeFiles/cmTC_5315d.dir/link.txt --verbose=1]
  ignore line: [/usr/bin/c++       -v CMakeFiles/cmTC_5315d.dir/CMakeCXXCompilerABI.cpp.o  -o cmTC_5315d -rdynamic  ]
  ignore line: [Using built-in specs.]
  ignore line: [COLLECT_GCC=/usr/bin/c++]
  ignore line: [COLLECT_LTO_WRAPPER=/opt/rh/devtoolset-2/root/usr/libexec/gcc/x86_64-redhat-linux/4.8.2/lto-wrapper]
  ignore line: [Target: x86_64-redhat-linux]
  ignore line: [Configured with: ../configure --prefix=/opt/rh/devtoolset-2/root/usr --mandir=/opt/rh/devtoolset-2/root/usr/share/man --infodir=/opt/rh/devtoolset-2/root/usr/share/info --with-bugurl=http://bugzilla.redhat.com/bugzilla --enable-bootstrap --enable-shared --enable-threads=posix --enable-checking=release --with-system-zlib --enable-__cxa_atexit --disable-libunwind-exceptions --enable-gnu-unique-object --enable-linker-build-id --enable-languages=c,c++,fortran,lto --enable-plugin --with-linker-hash-style=gnu --enable-initfini-array --disable-libgcj --with-isl=/dev/shm/home/centos/rpm/BUILD/gcc-4.8.2-20140120/obj-x86_64-redhat-linux/isl-install --with-cloog=/dev/shm/home/centos/rpm/BUILD/gcc-4.8.2-20140120/obj-x86_64-redhat-linux/cloog-install --with-mpc=/dev/shm/home/centos/rpm/BUILD/gcc-4.8.2-20140120/obj-x86_64-redhat-linux/mpc-install --with-tune=generic --with-arch_32=i686 --build=x86_64-redhat-linux]
  ignore line: [Thread model: posix]
  ignore line: [gcc version 4.8.2 20140120 (Red Hat 4.8.2-15) (GCC) ]
  ignore line: [COMPILER_PATH=/opt/rh/devtoolset-2/root/usr/libexec/gcc/x86_64-redhat-linux/4.8.2/:/opt/rh/devtoolset-2/root/usr/libexec/gcc/x86_64-redhat-linux/4.8.2/:/opt/rh/devtoolset-2/root/usr/libexec/gcc/x86_64-redhat-linux/:/opt/rh/devtoolset-2/root/usr/lib/gcc/x86_64-redhat-linux/4.8.2/:/opt/rh/devtoolset-2/root/usr/lib/gcc/x86_64-redhat-linux/]
  ignore line: [LIBRARY_PATH=/opt/rh/devtoolset-2/root/usr/lib/gcc/x86_64-redhat-linux/4.8.2/:/opt/rh/devtoolset-2/root/usr/lib/gcc/x86_64-redhat-linux/4.8.2/../../../../lib64/:/lib/../lib64/:/usr/lib/../lib64/:/opt/rh/devtoolset-2/root/usr/lib/gcc/x86_64-redhat-linux/4.8.2/../../../:/lib/:/usr/lib/]
  ignore line: [COLLECT_GCC_OPTIONS='-v' '-o' 'cmTC_5315d' '-rdynamic' '-shared-libgcc' '-mtune=generic' '-march=x86-64']
  link line: [ /opt/rh/devtoolset-2/root/usr/libexec/gcc/x86_64-redhat-linux/4.8.2/collect2 --build-id --no-add-needed --eh-frame-hdr --hash-style=gnu -m elf_x86_64 -export-dynamic -dynamic-linker /lib64/ld-linux-x86-64.so.2 -o cmTC_5315d /usr/lib/../lib64/crt1.o /usr/lib/../lib64/crti.o /opt/rh/devtoolset-2/root/usr/lib/gcc/x86_64-redhat-linux/4.8.2/crtbegin.o -L/opt/rh/devtoolset-2/root/usr/lib/gcc/x86_64-redhat-linux/4.8.2 -L/opt/rh/devtoolset-2/root/usr/lib/gcc/x86_64-redhat-linux/4.8.2/../../../../lib64 -L/lib/../lib64 -L/usr/lib/../lib64 -L/opt/rh/devtoolset-2/root/usr/lib/gcc/x86_64-redhat-linux/4.8.2/../../.. CMakeFiles/cmTC_5315d.dir/CMakeCXXCompilerABI.cpp.o -lstdc++ -lm -lgcc_s -lgcc -lc -lgcc_s -lgcc /opt/rh/devtoolset-2/root/usr/lib/gcc/x86_64-redhat-linux/4.8.2/crtend.o /usr/lib/../lib64/crtn.o]
    arg [/opt/rh/devtoolset-2/root/usr/libexec/gcc/x86_64-redhat-linux/4.8.2/collect2] ==> ignore
    arg [--build-id] ==> ignore
    arg [--no-add-needed] ==> ignore
    arg [--eh-frame-hdr] ==> ignore
    arg [--hash-style=gnu] ==> ignore
    arg [-m] ==> ignore
    arg [elf_x86_64] ==> ignore
    arg [-export-dynamic] ==> ignore
    arg [-dynamic-linker] ==> ignore
    arg [/lib64/ld-linux-x86-64.so.2] ==> ignore
    arg [-o] ==> ignore
    arg [cmTC_5315d] ==> ignore
    arg [/usr/lib/../lib64/crt1.o] ==> ignore
    arg [/usr/lib/../lib64/crti.o] ==> ignore
    arg [/opt/rh/devtoolset-2/root/usr/lib/gcc/x86_64-redhat-linux/4.8.2/crtbegin.o] ==> ignore
    arg [-L/opt/rh/devtoolset-2/root/usr/lib/gcc/x86_64-redhat-linux/4.8.2] ==> dir [/opt/rh/devtoolset-2/root/usr/lib/gcc/x86_64-redhat-linux/4.8.2]
    arg [-L/opt/rh/devtoolset-2/root/usr/lib/gcc/x86_64-redhat-linux/4.8.2/../../../../lib64] ==> dir [/opt/rh/devtoolset-2/root/usr/lib/gcc/x86_64-redhat-linux/4.8.2/../../../../lib64]
    arg [-L/lib/../lib64] ==> dir [/lib/../lib64]
    arg [-L/usr/lib/../lib64] ==> dir [/usr/lib/../lib64]
    arg [-L/opt/rh/devtoolset-2/root/usr/lib/gcc/x86_64-redhat-linux/4.8.2/../../..] ==> dir [/opt/rh/devtoolset-2/root/usr/lib/gcc/x86_64-redhat-linux/4.8.2/../../..]
    arg [CMakeFiles/cmTC_5315d.dir/CMakeCXXCompilerABI.cpp.o] ==> ignore
    arg [-lstdc++] ==> lib [stdc++]
    arg [-lm] ==> lib [m]
    arg [-lgcc_s] ==> lib [gcc_s]
    arg [-lgcc] ==> lib [gcc]
    arg [-lc] ==> lib [c]
    arg [-lgcc_s] ==> lib [gcc_s]
    arg [-lgcc] ==> lib [gcc]
    arg [/opt/rh/devtoolset-2/root/usr/lib/gcc/x86_64-redhat-linux/4.8.2/crtend.o] ==> ignore
    arg [/usr/lib/../lib64/crtn.o] ==> ignore
  remove lib [gcc_s]
  remove lib [gcc]
  remove lib [gcc_s]
  remove lib [gcc]
  collapse library dir [/opt/rh/devtoolset-2/root/usr/lib/gcc/x86_64-redhat-linux/4.8.2] ==> [/opt/rh/devtoolset-2/root/usr/lib/gcc/x86_64-redhat-linux/4.8.2]
  collapse library dir [/opt/rh/devtoolset-2/root/usr/lib/gcc/x86_64-redhat-linux/4.8.2/../../../../lib64] ==> [/opt/rh/devtoolset-2/root/usr/lib64]
  collapse library dir [/lib/../lib64] ==> [/lib64]
  collapse library dir [/usr/lib/../lib64] ==> [/usr/lib64]
  collapse library dir [/opt/rh/devtoolset-2/root/usr/lib/gcc/x86_64-redhat-linux/4.8.2/../../..] ==> [/opt/rh/devtoolset-2/root/usr/lib]
  implicit libs: [stdc++;m;c]
  implicit dirs: [/opt/rh/devtoolset-2/root/usr/lib/gcc/x86_64-redhat-linux/4.8.2;/opt/rh/devtoolset-2/root/usr/lib64;/lib64;/usr/lib64;/opt/rh/devtoolset-2/root/usr/lib]
  implicit fwks: []




Detecting CXX [-std=c++1y] compiler features compiled with the following output:
Change Dir: /home/mengfan/project/test/CMakeFiles/CMakeTmp

Run Build Command:"/usr/bin/gmake" "cmTC_be28e/fast"
/usr/bin/gmake -f CMakeFiles/cmTC_be28e.dir/build.make CMakeFiles/cmTC_be28e.dir/build
gmake[1]: Entering directory `/home/mengfan/project/test/CMakeFiles/CMakeTmp'
Building CXX object CMakeFiles/cmTC_be28e.dir/feature_tests.cxx.o
/usr/bin/c++     -std=c++1y -o CMakeFiles/cmTC_be28e.dir/feature_tests.cxx.o -c /home/mengfan/project/test/CMakeFiles/feature_tests.cxx
Linking CXX executable cmTC_be28e
/usr/local/bin/cmake -E cmake_link_script CMakeFiles/cmTC_be28e.dir/link.txt --verbose=1
/usr/bin/c++        CMakeFiles/cmTC_be28e.dir/feature_tests.cxx.o  -o cmTC_be28e -rdynamic 
gmake[1]: Leaving directory `/home/mengfan/project/test/CMakeFiles/CMakeTmp'


    Feature record: CXX_FEATURE:0cxx_aggregate_default_initializers
    Feature record: CXX_FEATURE:1cxx_alias_templates
    Feature record: CXX_FEATURE:1cxx_alignas
    Feature record: CXX_FEATURE:1cxx_alignof
    Feature record: CXX_FEATURE:1cxx_attributes
    Feature record: CXX_FEATURE:0cxx_attribute_deprecated
    Feature record: CXX_FEATURE:1cxx_auto_type
    Feature record: CXX_FEATURE:0cxx_binary_literals
    Feature record: CXX_FEATURE:1cxx_constexpr
    Feature record: CXX_FEATURE:0cxx_contextual_conversions
    Feature record: CXX_FEATURE:1cxx_decltype
    Feature record: CXX_FEATURE:0cxx_decltype_auto
    Feature record: CXX_FEATURE:1cxx_decltype_incomplete_return_types
    Feature record: CXX_FEATURE:1cxx_default_function_template_args
    Feature record: CXX_FEATURE:1cxx_defaulted_functions
    Feature record: CXX_FEATURE:1cxx_defaulted_move_initializers
    Feature record: CXX_FEATURE:1cxx_delegating_constructors
    Feature record: CXX_FEATURE:1cxx_deleted_functions
    Feature record: CXX_FEATURE:0cxx_digit_separators
    Feature record: CXX_FEATURE:1cxx_enum_forward_declarations
    Feature record: CXX_FEATURE:1cxx_explicit_conversions
    Feature record: CXX_FEATURE:1cxx_extended_friend_declarations
    Feature record: CXX_FEATURE:1cxx_extern_templates
    Feature record: CXX_FEATURE:1cxx_final
    Feature record: CXX_FEATURE:1cxx_func_identifier
    Feature record: CXX_FEATURE:1cxx_generalized_initializers
    Feature record: CXX_FEATURE:0cxx_generic_lambdas
    Feature record: CXX_FEATURE:1cxx_inheriting_constructors
    Feature record: CXX_FEATURE:1cxx_inline_namespaces
    Feature record: CXX_FEATURE:1cxx_lambdas
    Feature record: CXX_FEATURE:0cxx_lambda_init_captures
    Feature record: CXX_FEATURE:1cxx_local_type_template_args
    Feature record: CXX_FEATURE:1cxx_long_long_type
    Feature record: CXX_FEATURE:1cxx_noexcept
    Feature record: CXX_FEATURE:1cxx_nonstatic_member_init
    Feature record: CXX_FEATURE:1cxx_nullptr
    Feature record: CXX_FEATURE:1cxx_override
    Feature record: CXX_FEATURE:1cxx_range_for
    Feature record: CXX_FEATURE:1cxx_raw_string_literals
    Feature record: CXX_FEATURE:1cxx_reference_qualified_functions
    Feature record: CXX_FEATURE:0cxx_relaxed_constexpr
    Feature record: CXX_FEATURE:0cxx_return_type_deduction
    Feature record: CXX_FEATURE:1cxx_right_angle_brackets
    Feature record: CXX_FEATURE:1cxx_rvalue_references
    Feature record: CXX_FEATURE:1cxx_sizeof_member
    Feature record: CXX_FEATURE:1cxx_static_assert
    Feature record: CXX_FEATURE:1cxx_strong_enums
    Feature record: CXX_FEATURE:1cxx_template_template_parameters
    Feature record: CXX_FEATURE:1cxx_thread_local
    Feature record: CXX_FEATURE:1cxx_trailing_return_types
    Feature record: CXX_FEATURE:1cxx_unicode_literals
    Feature record: CXX_FEATURE:1cxx_uniform_initialization
    Feature record: CXX_FEATURE:1cxx_unrestricted_unions
    Feature record: CXX_FEATURE:1cxx_user_literals
    Feature record: CXX_FEATURE:0cxx_variable_templates
    Feature record: CXX_FEATURE:1cxx_variadic_macros
    Feature record: CXX_FEATURE:1cxx_variadic_templates


Detecting CXX [-std=c++11] compiler features compiled with the following output:
Change Dir: /home/mengfan/project/test/CMakeFiles/CMakeTmp

Run Build Command:"/usr/bin/gmake" "cmTC_cd728/fast"
/usr/bin/gmake -f CMakeFiles/cmTC_cd728.dir/build.make CMakeFiles/cmTC_cd728.dir/build
gmake[1]: Entering directory `/home/mengfan/project/test/CMakeFiles/CMakeTmp'
Building CXX object CMakeFiles/cmTC_cd728.dir/feature_tests.cxx.o
/usr/bin/c++     -std=c++11 -o CMakeFiles/cmTC_cd728.dir/feature_tests.cxx.o -c /home/mengfan/project/test/CMakeFiles/feature_tests.cxx
Linking CXX executable cmTC_cd728
/usr/local/bin/cmake -E cmake_link_script CMakeFiles/cmTC_cd728.dir/link.txt --verbose=1
/usr/bin/c++        CMakeFiles/cmTC_cd728.dir/feature_tests.cxx.o  -o cmTC_cd728 -rdynamic 
gmake[1]: Leaving directory `/home/mengfan/project/test/CMakeFiles/CMakeTmp'


    Feature record: CXX_FEATURE:0cxx_aggregate_default_initializers
    Feature record: CXX_FEATURE:1cxx_alias_templates
    Feature record: CXX_FEATURE:1cxx_alignas
    Feature record: CXX_FEATURE:1cxx_alignof
    Feature record: CXX_FEATURE:1cxx_attributes
    Feature record: CXX_FEATURE:0cxx_attribute_deprecated
    Feature record: CXX_FEATURE:1cxx_auto_type
    Feature record: CXX_FEATURE:0cxx_binary_literals
    Feature record: CXX_FEATURE:1cxx_constexpr
    Feature record: CXX_FEATURE:0cxx_contextual_conversions
    Feature record: CXX_FEATURE:1cxx_decltype
    Feature record: CXX_FEATURE:0cxx_decltype_auto
    Feature record: CXX_FEATURE:1cxx_decltype_incomplete_return_types
    Feature record: CXX_FEATURE:1cxx_default_function_template_args
    Feature record: CXX_FEATURE:1cxx_defaulted_functions
    Feature record: CXX_FEATURE:1cxx_defaulted_move_initializers
    Feature record: CXX_FEATURE:1cxx_delegating_constructors
    Feature record: CXX_FEATURE:1cxx_deleted_functions
    Feature record: CXX_FEATURE:0cxx_digit_separators
    Feature record: CXX_FEATURE:1cxx_enum_forward_declarations
    Feature record: CXX_FEATURE:1cxx_explicit_conversions
    Feature record: CXX_FEATURE:1cxx_extended_friend_declarations
    Feature record: CXX_FEATURE:1cxx_extern_templates
    Feature record: CXX_FEATURE:1cxx_final
    Feature record: CXX_FEATURE:1cxx_func_identifier
    Feature record: CXX_FEATURE:1cxx_generalized_initializers
    Feature record: CXX_FEATURE:0cxx_generic_lambdas
    Feature record: CXX_FEATURE:1cxx_inheriting_constructors
    Feature record: CXX_FEATURE:1cxx_inline_namespaces
    Feature record: CXX_FEATURE:1cxx_lambdas
    Feature record: CXX_FEATURE:0cxx_lambda_init_captures
    Feature record: CXX_FEATURE:1cxx_local_type_template_args
    Feature record: CXX_FEATURE:1cxx_long_long_type
    Feature record: CXX_FEATURE:1cxx_noexcept
    Feature record: CXX_FEATURE:1cxx_nonstatic_member_init
    Feature record: CXX_FEATURE:1cxx_nullptr
    Feature record: CXX_FEATURE:1cxx_override
    Feature record: CXX_FEATURE:1cxx_range_for
    Feature record: CXX_FEATURE:1cxx_raw_string_literals
    Feature record: CXX_FEATURE:1cxx_reference_qualified_functions
    Feature record: CXX_FEATURE:0cxx_relaxed_constexpr
    Feature record: CXX_FEATURE:0cxx_return_type_deduction
    Feature record: CXX_FEATURE:1cxx_right_angle_brackets
    Feature record: CXX_FEATURE:1cxx_rvalue_references
    Feature record: CXX_FEATURE:1cxx_sizeof_member
    Feature record: CXX_FEATURE:1cxx_static_assert
    Feature record: CXX_FEATURE:1cxx_strong_enums
    Feature record: CXX_FEATURE:1cxx_template_template_parameters
    Feature record: CXX_FEATURE:1cxx_thread_local
    Feature record: CXX_FEATURE:1cxx_trailing_return_types
    Feature record: CXX_FEATURE:1cxx_unicode_literals
    Feature record: CXX_FEATURE:1cxx_uniform_initialization
    Feature record: CXX_FEATURE:1cxx_unrestricted_unions
    Feature record: CXX_FEATURE:1cxx_user_literals
    Feature record: CXX_FEATURE:0cxx_variable_templates
    Feature record: CXX_FEATURE:1cxx_variadic_macros
    Feature record: CXX_FEATURE:1cxx_variadic_templates


Detecting CXX [-std=c++98] compiler features compiled with the following output:
Change Dir: /home/mengfan/project/test/CMakeFiles/CMakeTmp

Run Build Command:"/usr/bin/gmake" "cmTC_0c1b3/fast"
/usr/bin/gmake -f CMakeFiles/cmTC_0c1b3.dir/build.make CMakeFiles/cmTC_0c1b3.dir/build
gmake[1]: Entering directory `/home/mengfan/project/test/CMakeFiles/CMakeTmp'
Building CXX object CMakeFiles/cmTC_0c1b3.dir/feature_tests.cxx.o
/usr/bin/c++     -std=c++98 -o CMakeFiles/cmTC_0c1b3.dir/feature_tests.cxx.o -c /home/mengfan/project/test/CMakeFiles/feature_tests.cxx
Linking CXX executable cmTC_0c1b3
/usr/local/bin/cmake -E cmake_link_script CMakeFiles/cmTC_0c1b3.dir/link.txt --verbose=1
/usr/bin/c++        CMakeFiles/cmTC_0c1b3.dir/feature_tests.cxx.o  -o cmTC_0c1b3 -rdynamic 
gmake[1]: Leaving directory `/home/mengfan/project/test/CMakeFiles/CMakeTmp'


    Feature record: CXX_FEATURE:0cxx_aggregate_default_initializers
    Feature record: CXX_FEATURE:0cxx_alias_templates
    Feature record: CXX_FEATURE:0cxx_alignas
    Feature record: CXX_FEATURE:0cxx_alignof
    Feature record: CXX_FEATURE:0cxx_attributes
    Feature record: CXX_FEATURE:0cxx_attribute_deprecated
    Feature record: CXX_FEATURE:0cxx_auto_type
    Feature record: CXX_FEATURE:0cxx_binary_literals
    Feature record: CXX_FEATURE:0cxx_constexpr
    Feature record: CXX_FEATURE:0cxx_contextual_conversions
    Feature record: CXX_FEATURE:0cxx_decltype
    Feature record: CXX_FEATURE:0cxx_decltype_auto
    Feature record: CXX_FEATURE:0cxx_decltype_incomplete_return_types
    Feature record: CXX_FEATURE:0cxx_default_function_template_args
    Feature record: CXX_FEATURE:0cxx_defaulted_functions
    Feature record: CXX_FEATURE:0cxx_defaulted_move_initializers
    Feature record: CXX_FEATURE:0cxx_delegating_constructors
    Feature record: CXX_FEATURE:0cxx_deleted_functions
    Feature record: CXX_FEATURE:0cxx_digit_separators
    Feature record: CXX_FEATURE:0cxx_enum_forward_declarations
    Feature record: CXX_FEATURE:0cxx_explicit_conversions
    Feature record: CXX_FEATURE:0cxx_extended_friend_declarations
    Feature record: CXX_FEATURE:0cxx_extern_templates
    Feature record: CXX_FEATURE:0cxx_final
    Feature record: CXX_FEATURE:0cxx_func_identifier
    Feature record: CXX_FEATURE:0cxx_generalized_initializers
    Feature record: CXX_FEATURE:0cxx_generic_lambdas
    Feature record: CXX_FEATURE:0cxx_inheriting_constructors
    Feature record: CXX_FEATURE:0cxx_inline_namespaces
    Feature record: CXX_FEATURE:0cxx_lambdas
    Feature record: CXX_FEATURE:0cxx_lambda_init_captures
    Feature record: CXX_FEATURE:0cxx_local_type_template_args
    Feature record: CXX_FEATURE:0cxx_long_long_type
    Feature record: CXX_FEATURE:0cxx_noexcept
    Feature record: CXX_FEATURE:0cxx_nonstatic_member_init
    Feature record: CXX_FEATURE:0cxx_nullptr
    Feature record: CXX_FEATURE:0cxx_override
    Feature record: CXX_FEATURE:0cxx_range_for
    Feature record: CXX_FEATURE:0cxx_raw_string_literals
    Feature record: CXX_FEATURE:0cxx_reference_qualified_functions
    Feature record: CXX_FEATURE:0cxx_relaxed_constexpr
    Feature record: CXX_FEATURE:0cxx_return_type_deduction
    Feature record: CXX_FEATURE:0cxx_right_angle_brackets
    Feature record: CXX_FEATURE:0cxx_rvalue_references
    Feature record: CXX_FEATURE:0cxx_sizeof_member
    Feature record: CXX_FEATURE:0cxx_static_assert
    Feature record: CXX_FEATURE:0cxx_strong_enums
    Feature record: CXX_FEATURE:1cxx_template_template_parameters
    Feature record: CXX_FEATURE:0cxx_thread_local
    Feature record: CXX_FEATURE:0cxx_trailing_return_types
    Feature record: CXX_FEATURE:0cxx_unicode_literals
    Feature record: CXX_FEATURE:0cxx_uniform_initialization
    Feature record: CXX_FEATURE:0cxx_unrestricted_unions
    Feature record: CXX_FEATURE:0cxx_user_literals
    Feature record: CXX_FEATURE:0cxx_variable_templates
    Feature record: CXX_FEATURE:0cxx_variadic_macros
    Feature record: CXX_FEATURE:0cxx_variadic_templates
